[Task: 1] 

[Task: 1] Benchmark: 11604909.sl
[Task: 1] Result: Success
[Task: 1] Program: _arg_0.Substr((-1 + _arg_0.IndexOf(".")),concat(-1.IntToStr(), _arg_0).IndexOf("."))
[Task: 1] Number of evaluations: 31720514
[Task: 1] 2023-03-16 09:20:47.074091
[Task: 1] Time taken: 0:07:27.115536
[Task: 1] 


[Task: 8] 

[Task: 8] Benchmark: 25239569.sl
[Task: 8] Result: Success
[Task: 8] Program: _arg_0.replace("BRD", "Branding").replace("DRS", "Direct Response").replace("LDS", "Leads")
[Task: 8] Number of evaluations: 31704931
[Task: 8] 2023-03-16 09:24:01.202263
[Task: 8] Time taken: 0:02:59.980423
[Task: 8] 


[Task: 56] 

[Task: 56] Benchmark: exceljet1.sl
[Task: 56] Result: Success
[Task: 56] Program: _arg_1.Substr((1 + _arg_1.IndexOf("_")),"".StrToInt())
[Task: 56] Number of evaluations: 296149
[Task: 56] 2023-03-16 09:24:10.842168
[Task: 56] Time taken: 0:00:01.813569
[Task: 56] 


[Task: 57] 

[Task: 57] Benchmark: exceljet2.sl
[Task: 57] Result: Success
[Task: 57] Program: _arg_0.Substr((-1 + (-1 + -1)),"".StrToInt()).replace(".", "")
[Task: 57] Number of evaluations: 3334792
[Task: 57] 2023-03-16 09:24:42.135476
[Task: 57] Time taken: 0:00:23.248800
[Task: 57] 


[Task: 100] 

[Task: 100] Benchmark: name-combine-4_short.sl
[Task: 100] Result: Success
[Task: 100] Program: concat(lastname, concat(",", concat(" ", concat(firstname.CharAt(0), "."))))
[Task: 100] Number of evaluations: 4905628
[Task: 100] 2023-03-16 09:25:36.355908
[Task: 100] Time taken: 0:00:49.601185
[Task: 100] 


[Task: 132] 

[Task: 132] Benchmark: phone-6-short.sl
[Task: 132] Result: Success
[Task: 132] Program: name.Substr((1 + name.IndexOf(" ")),name.IndexOf("-"))
[Task: 132] Number of evaluations: 3098069
[Task: 132] 2023-03-16 09:26:24.263897
[Task: 132] Time taken: 0:00:34.283079
[Task: 132] 


[Task: 172] 

[Task: 172] Benchmark: stackoverflow4.sl
[Task: 172] Result: Success
[Task: 172] Program: _arg_0.replace("<", " ").replace(">", "").replace(",", " ").replace(",", " ")
[Task: 172] Number of evaluations: 175340573
[Task: 172] 2023-03-16 09:47:57.549744
[Task: 172] Time taken: 0:21:10.809416
[Task: 172] 


[Task: 56] 

[Task: 56] Benchmark: exceljet1.sl
[Task: 56] Result: Success
[Task: 56] Program: _arg_1.Substr((1 + _arg_1.IndexOf("_")),"".StrToInt())
[Task: 56] Number of evaluations: 296149
[Task: 56] 2023-09-09 12:53:30.356904
[Task: 56] Time taken: 0:00:01.374077
[Task: 56] 


[Task: 56] 

[Task: 56] Benchmark: exceljet1.sl
[Task: 56] Result: Success
[Task: 56] Program: _arg_1.Substr((1 + _arg_1.IndexOf("_")),"".StrToInt())
[Task: 56] Number of evaluations: 296149
[Task: 56] 2023-09-09 14:44:48.367368
[Task: 56] Time taken: 0:00:01.360529
[Task: 56] 


[Task: 56] 

[Task: 56] Benchmark: exceljet1.sl
[Task: 56] Result: Success
[Task: 56] Program: _arg_1.Substr((1 + _arg_1.IndexOf("_")),"".StrToInt())
[Task: 56] Number of evaluations: 296149
[Task: 56] 2023-09-09 14:50:50.382724
[Task: 56] Time taken: 0:00:01.357206
[Task: 56] 


[Task: 0] 

[Task: 0] Benchmark: 11440431.sl
[Task: 0] Result: Success
[Task: 0] Program: _arg_0.replace("US", "CAN").replace(concat(" ", "CAN"), "")
[Task: 0] Number of evaluations: 474218
[Task: 0] 2023-09-09 15:03:10.983782
[Task: 0] Time taken: 0:00:02.828982
[Task: 0] 


[Task: 56] 

[Task: 56] Benchmark: exceljet1.sl
[Task: 56] Result: Success
[Task: 56] Program: _arg_1.Substr((1 + _arg_1.IndexOf("_")),"".StrToInt())
[Task: 56] Number of evaluations: 296149
[Task: 56] 2023-09-09 15:06:37.701407
[Task: 56] Time taken: 0:00:01.357803
[Task: 56] 


[Task: 56] 

[Task: 56] Benchmark: exceljet1.sl
[Task: 56] Result: Success
[Task: 56] Program: _arg_1.Substr((1 + _arg_1.IndexOf("_")),"".StrToInt())
[Task: 56] Number of evaluations: 296149
[Task: 56] 2023-09-11 21:16:50.339035
[Task: 56] Time taken: 0:00:01.205276
[Task: 56] 


[Task: 0] 

[Task: 0] Benchmark: 11440431.sl
[Task: 0] Result: Success
[Task: 0] Program: _arg_0.replace("US", "CAN").replace(concat(" ", "CAN"), "")
[Task: 0] Number of evaluations: 474218
[Task: 0] 2023-09-12 00:00:30.008561
[Task: 0] Time taken: 0:00:02.356084
[Task: 0] 


